Diagnose log at 2026-07-13T05:06:56Z

AppPath: C:\Program Files\Git\mingw64\bin\git-credential-manager.exe
InstallDir: C:\Program Files\Git\mingw64\bin\
Version: 2.8.0+d5e8a3442d48cc5efe7014e093e44242c0bd395f

------------
Diagnostic: Environment
Skipped: False
Success: True
Exception: None
Log:
OSType: Windows
OSVersion: 10.0 (build 26200)
Reading environment variables... OK
 Variables:
OneDriveConsumer=C:\Users\entru\OneDrive
ProgramFiles(x86)=C:\Program Files (x86)
MSYSTEM=MINGW64
ProgramW6432=C:\Program Files
ChocolateyInstall=C:\ProgramData\chocolatey
PROCESSOR_IDENTIFIER=Intel64 Family 6 Model 186 Stepping 3, GenuineIntel
TMP=C:\Users\entru\AppData\Local\Temp
PROCESSOR_ARCHITECTURE=AMD64
DriverData=C:\Windows\System32\Drivers\DriverData
Path=C:/Program Files/Git/mingw64/libexec/git-core;C:\Program Files\Git\mingw64\bin;C:\Program Files\Git\usr\bin;C:\Users\entru\bin;C:\Program Files\Eclipse Adoptium\jdk-25.0.3.9-hotspot\bin;C:\Python314\Scripts\;C:\Python314\;C:\WINDOWS\system32;C:\WINDOWS;C:\WINDOWS\System32\Wbem;C:\WINDOWS\System32\WindowsPowerShell\v1.0\;C:\WINDOWS\System32\OpenSSH\;C:\Program Files\nodejs\;C:\ProgramData\chocolatey\bin;C:\Program Files\PuTTY\;C:\Users\entru\AppData\Local\Microsoft\WindowsApps;C:\Users\entru\AppData\Local\Programs\Microsoft VS Code\bin;C:\Users\entru\AppData\Roaming\npm;C:\Program Files\Git\cmd;C:\Program Files\Git\bin;
USERPROFILE=C:\Users\entru
PROCESSOR_REVISION=ba03
ChocolateyLastPathUpdate=134159635241912741
EFC_39068_1592913036=1
LOGONSERVER=\\ENTRUSTINV254
TEMP=C:\Users\entru\AppData\Local\Temp
USERNAME=entru
SystemRoot=C:\WINDOWS
GIT_EXEC_PATH=C:/Program Files/Git/mingw64/libexec/git-core
PLINK_PROTOCOL=ssh
OneDrive=C:\Users\entru\OneDrive
BPPDOMAIN_MANAGER_TYPE=EdrDotNet.EdrAppDomainManager
__PSLockDownPolicy=0
CommonProgramFiles=C:\Program Files\Common Files
ProgramData=C:\ProgramData
LC_CTYPE=C.UTF-8
HOMEPATH=\Users\entru
COMPUTERNAME=ENTRUSTINV254
ALLUSERSPROFILE=C:\ProgramData
CommonProgramW6432=C:\Program Files\Common Files
TERM=xterm-256color
BPPDOMAIN_MANAGER_ASM=EdrDotNet, Version+174.0.0.0, Culture+neutral, PublicKeyToken+da1b3922653ea916
SESSIONNAME=Console
EFC_39068_4126798990=1
HOMEDRIVE=C:
windir=C:\WINDOWS
GIT_TRACE2_PARENT_SID=b02ab317-4601-4497-9df3-e237c89b75ae
SystemDrive=C:
NUMBER_OF_PROCESSORS=12
OS=Windows_NT
ProgramFiles=C:\Program Files
ComSpec=C:\WINDOWS\system32\cmd.exe
USERDOMAIN_ROAMINGPROFILE=ENTRUSTINV254
PATHEXT=.COM;.EXE;.BAT;.CMD;.VBS;.VBE;.JS;.JSE;.WSF;.WSH;.MSC;.PY;.PYW
HOME=C:\Users\entru
PSModulePath=C:\Program Files\WindowsPowerShell\Modules;C:\WINDOWS\system32\WindowsPowerShell\v1.0\Modules
PROMPT=$P$G
TMPDIR=C:\Users\entru\AppData\Local\Temp
APPDATA=C:\Users\entru\AppData\Roaming
USERDOMAIN=ENTRUSTINV254
PROCESSOR_LEVEL=6
LOCALAPPDATA=C:\Users\entru\AppData\Local
CommonProgramFiles(x86)=C:\Program Files (x86)\Common Files
COLORTERM=truecolor
PUBLIC=C:\Users\Public
ANDROID_HOME=C:\Users\entru\AppData\Local\Android\Sdk


------------
Diagnostic: File system
Skipped: False
Success: True
Exception: None
Log:
Temporary directory is 'C:\Users\entru\AppData\Local\Temp\'...
Checking basic file I/O...
Writing to temporary file 'C:\Users\entru\AppData\Local\Temp\07d64bb48acf09acfcf1fd04'... OK
Reading from temporary file 'C:\Users\entru\AppData\Local\Temp\07d64bb48acf09acfcf1fd04'... OK
Deleting temporary file 'C:\Users\entru\AppData\Local\Temp\07d64bb48acf09acfcf1fd04'... OK
Testing IFileSystem instance...
UserHomePath: C:\Users\entru
UserDataDirectoryPath: C:\Users\entru\.gcm
GetCurrentDirectory(): D:\Automation\OrangeHRM

------------
Diagnostic: Networking
Skipped: False
Success: True
Exception: None
Log:
Checking networking and HTTP stack...
Creating HTTP client... OK
IsNetworkAvailable: True
Sending HEAD request to http://example.com... OK
Sending HEAD request to https://example.com... OK
Acquiring free TCP port... OK
Testing local HTTP loopback connections...
Creating new HTTP listener for http://localhost:53464/... OK
Waiting for loopback connection... OK
Writing response... OK
Waiting for response data... OK
Loopback connection data OK

------------
Diagnostic: Git
Skipped: False
Success: True
Exception: None
Log:
Getting Git version... OK
Git version is '2.55.0.windows.2'
Locating current repository...Git repository at 'D:/Automation/OrangeHRM/.git'
 OK
Listing all Git configuration... OK
Git configuration:
file:C:/Users/entru/.gitconfig	user.name=Muhammad Faisal Umam
file:C:/Users/entru/.gitconfig	user.email=Muhammad.faisalumam21@gmail.com
file:C:/Users/entru/.gitconfig	credential.helper=manager
file:.git/config	core.repositoryformatversion=0
file:.git/config	core.filemode=false
file:.git/config	core.bare=false
file:.git/config	core.logallrefupdates=true
file:.git/config	core.symlinks=false
file:.git/config	core.ignorecase=true
file:.git/config	remote.origin.url=https://github.com/Mufadev/OrangeHRM-Playwright.git
file:.git/config	remote.origin.fetch=+refs/heads/*:refs/remotes/origin/*


------------
Diagnostic: Credential storage
Skipped: False
Success: True
Exception: None
Log:
ICredentialStore instance is of type: CredentialStore
Writing test credential... OK
Reading test credential... OK
Deleting test credential... OK

------------
Diagnostic: Microsoft authentication (AAD/MSA)
Skipped: False
Success: True
Exception: None
Log:
Broker is not enabled.
Flow type is: Auto
Gathering MSAL token cache data... OK
CacheDirectory: C:\Users\entru\AppData\Local\.IdentityService
CacheFileName: msal.cache
CacheFilePath: C:\Users\entru\AppData\Local\.IdentityService\msal.cache
Creating cache helper... OK
Verifying MSAL token cache persistence... OK

------------
Diagnostic: GitHub API
Skipped: False
Success: False
Exception:
System.Net.Http.HttpRequestException: Response status code does not indicate success: 403 (rate limit exceeded).
   at System.Net.Http.HttpResponseMessage.EnsureSuccessStatusCode()
   at GitHub.GitHubRestApi.<GetMetaInfoAsync>d__5.MoveNext()
--- End of stack trace from previous location where exception was thrown ---
   at System.Runtime.ExceptionServices.ExceptionDispatchInfo.Throw()
   at System.Runtime.CompilerServices.TaskAwaiter.HandleNonSuccessAndDebuggerNotification(Task task)
   at GitHub.Diagnostics.GitHubApiDiagnostic.<RunInternalAsync>d__2.MoveNext()
--- End of stack trace from previous location where exception was thrown ---
   at System.Runtime.ExceptionServices.ExceptionDispatchInfo.Throw()
   at System.Runtime.CompilerServices.TaskAwaiter.HandleNonSuccessAndDebuggerNotification(Task task)
   at GitCredentialManager.Diagnostics.Diagnostic.<RunAsync>d__6.MoveNext()
Log:
Using 'https://github.com/' as API target.
Querying '/meta' endpoint...
